<?xml version="1.0" encoding="UTF-8" standalone="yes"?>
<ns2:test-suite start="1645272125461" stop="1645272136753" version="1.5.0" xmlns:ns2="urn:model.allure.qatools.yandex.ru">
    <name>Default Suite : AutomationFramework</name>
    <title>Default Suite : AutomationFramework</title>
    <test-cases>
        <test-case start="1645272127968" stop="1645272130922" status="passed">
            <name>launchApplication</name>
            <steps/>
            <attachments/>
            <labels>
                <label name="testSuite" value="Default Suite"/>
                <label name="testGroup" value="AutomationFramework"/>
                <label name="testClass" value="com.tests.GoogleSearchTest"/>
                <label name="testMethod" value="launchApplication"/>
                <label name="host" value="NOVI-C02FF5CZMD6M.local"/>
                <label name="thread" value="84352@NOVI-C02FF5CZMD6M.local.main(1)"/>
            </labels>
        </test-case>
        <test-case start="1645272130927" stop="1645272132775" status="failed">
            <name>verifyGoogleSearchIsWorking</name>
            <failure>
                <message>AssertionError: expected [amazon - Google Search] but found [Amazon - Google Search]</message>
                <stack-trace>java.lang.AssertionError: expected [amazon - Google Search] but found [Amazon - Google Search]
	at org.testng.Assert.fail(Assert.java:94)
	at org.testng.Assert.failNotEquals(Assert.java:494)
	at org.testng.Assert.assertEquals(Assert.java:123)
	at org.testng.Assert.assertEquals(Assert.java:176)
	at org.testng.Assert.assertEquals(Assert.java:186)
	at com.tests.GoogleSearchTest.verifyGoogleSearchIsWorking(GoogleSearchTest.java:18)
	at sun.reflect.NativeMethodAccessorImpl.invoke0(Native Method)
	at sun.reflect.NativeMethodAccessorImpl.invoke(NativeMethodAccessorImpl.java:62)
	at sun.reflect.DelegatingMethodAccessorImpl.invoke(DelegatingMethodAccessorImpl.java:43)
	at java.lang.reflect.Method.invoke(Method.java:498)
	at org.testng.internal.MethodInvocationHelper.invokeMethod(MethodInvocationHelper.java:84)
	at org.testng.internal.Invoker.invokeMethod(Invoker.java:714)
	at org.testng.internal.Invoker.invokeTestMethod(Invoker.java:901)
	at org.testng.internal.Invoker.invokeTestMethods(Invoker.java:1231)
	at org.testng.internal.TestMethodWorker.invokeTestMethods(TestMethodWorker.java:127)
	at org.testng.internal.TestMethodWorker.run(TestMethodWorker.java:111)
	at org.testng.TestRunner.privateRun(TestRunner.java:767)
	at org.testng.TestRunner.run(TestRunner.java:617)
	at org.testng.SuiteRunner.runTest(SuiteRunner.java:334)
	at org.testng.SuiteRunner.runSequentially(SuiteRunner.java:329)
	at org.testng.SuiteRunner.privateRun(SuiteRunner.java:291)
	at org.testng.SuiteRunner.run(SuiteRunner.java:240)
	at org.testng.SuiteRunnerWorker.runSuite(SuiteRunnerWorker.java:52)
	at org.testng.SuiteRunnerWorker.run(SuiteRunnerWorker.java:86)
	at org.testng.TestNG.runSuitesSequentially(TestNG.java:1224)
	at org.testng.TestNG.runSuitesLocally(TestNG.java:1149)
	at org.testng.TestNG.run(TestNG.java:1057)
	at com.intellij.rt.testng.IDEARemoteTestNG.run(IDEARemoteTestNG.java:66)
	at com.intellij.rt.testng.RemoteTestNGStarter.main(RemoteTestNGStarter.java:109)
</stack-trace>
            </failure>
            <steps/>
            <attachments/>
            <labels>
                <label name="testSuite" value="Default Suite"/>
                <label name="testGroup" value="AutomationFramework"/>
                <label name="testClass" value="com.tests.GoogleSearchTest"/>
                <label name="testMethod" value="verifyGoogleSearchIsWorking"/>
                <label name="host" value="NOVI-C02FF5CZMD6M.local"/>
                <label name="thread" value="84352@NOVI-C02FF5CZMD6M.local.main(1)"/>
            </labels>
        </test-case>
    </test-cases>
    <labels>
        <label name="framework" value="TestNG"/>
        <label name="language" value="JAVA"/>
    </labels>
</ns2:test-suite>
